^D============================= test session starts ==============================
platform darwin -- Python 3.14.4, pytest-8.4.2, pluggy-1.6.0
rootdir: /Users/gyurin/dev/my_ledge/backend
configfile: pyproject.toml
plugins: anyio-4.12.1, asyncio-0.26.0
asyncio: mode=Mode.AUTO, asyncio_default_fixture_loop_scope=None, asyncio_default_test_loop_scope=function
collecting ... collected 88 items

tests/services/test_analytics_service.py ..............................  [ 34%]
tests/api/test_analytics_api.py ............................             [ 65%]
tests/api/test_transactions_api.py ...........                           [ 78%]
tests/api/test_settlement_match_api.py ..                                [ 80%]
tests/api/test_settlement_match_api_errors.py .                          [ 81%]
tests/api/test_settlement_match_api_unlink.py .                          [ 82%]
tests/services/test_settlement_group_service.py ..                       [ 85%]
tests/services/test_settlement_group_service_regression.py ...           [ 88%]
tests/services/test_settlement_group_service_regression_edges.py ....... [ 96%]
.                                                                        [ 97%]
tests/services/test_settlement_match_service.py ..                       [100%]

=============================== warnings summary ===============================
tests/services/test_analytics_service.py::test_get_monthly_cashflow_groups_income_expense_and_transfer
  /Users/gyurin/dev/my_ledge/backend/.venv/lib/python3.14/site-packages/pytest_asyncio/plugin.py:1216: DeprecationWarning: 'asyncio.get_event_loop_policy' is deprecated and slated for removal in Python 3.16
    return asyncio.get_event_loop_policy()

tests/services/test_analytics_service.py: 30 warnings
tests/api/test_analytics_api.py: 28 warnings
tests/api/test_transactions_api.py: 11 warnings
tests/api/test_settlement_match_api.py: 2 warnings
tests/api/test_settlement_match_api_errors.py: 1 warning
tests/api/test_settlement_match_api_unlink.py: 1 warning
tests/services/test_settlement_group_service.py: 2 warnings
tests/services/test_settlement_group_service_regression.py: 3 warnings
tests/services/test_settlement_group_service_regression_edges.py: 8 warnings
tests/services/test_settlement_match_service.py: 2 warnings
  /Users/gyurin/dev/my_ledge/backend/.venv/lib/python3.14/site-packages/pytest_asyncio/plugin.py:874: DeprecationWarning: 'asyncio.get_event_loop_policy' is deprecated and slated for removal in Python 3.16
    _restore_event_loop_policy(asyncio.get_event_loop_policy()),

tests/services/test_analytics_service.py: 30 warnings
tests/api/test_analytics_api.py: 28 warnings
tests/api/test_transactions_api.py: 11 warnings
tests/api/test_settlement_match_api.py: 2 warnings
tests/api/test_settlement_match_api_errors.py: 1 warning
tests/api/test_settlement_match_api_unlink.py: 1 warning
tests/services/test_settlement_group_service.py: 2 warnings
tests/services/test_settlement_group_service_regression.py: 3 warnings
tests/services/test_settlement_group_service_regression_edges.py: 8 warnings
tests/services/test_settlement_match_service.py: 2 warnings
  /Users/gyurin/dev/my_ledge/backend/.venv/lib/python3.14/site-packages/pytest_asyncio/plugin.py:772: DeprecationWarning: 'asyncio.get_event_loop_policy' is deprecated and slated for removal in Python 3.16
    old_loop_policy = asyncio.get_event_loop_policy()

tests/services/test_analytics_service.py: 30 warnings
tests/api/test_analytics_api.py: 28 warnings
tests/api/test_transactions_api.py: 11 warnings
tests/api/test_settlement_match_api.py: 2 warnings
tests/api/test_settlement_match_api_errors.py: 1 warning
tests/api/test_settlement_match_api_unlink.py: 1 warning
tests/services/test_settlement_group_service.py: 2 warnings
tests/services/test_settlement_group_service_regression.py: 3 warnings
tests/services/test_settlement_group_service_regression_edges.py: 8 warnings
tests/services/test_settlement_match_service.py: 2 warnings
  /Users/gyurin/dev/my_ledge/backend/.venv/lib/python3.14/site-packages/pytest_asyncio/plugin.py:777: DeprecationWarning: 'asyncio.set_event_loop_policy' is deprecated and slated for removal in Python 3.16
    asyncio.set_event_loop_policy(policy)

tests/services/test_analytics_service.py: 30 warnings
tests/api/test_analytics_api.py: 28 warnings
tests/api/test_transactions_api.py: 11 warnings
tests/api/test_settlement_match_api.py: 2 warnings
tests/api/test_settlement_match_api_errors.py: 1 warning
tests/api/test_settlement_match_api_unlink.py: 1 warning
tests/services/test_settlement_group_service.py: 2 warnings
tests/services/test_settlement_group_service_regression.py: 3 warnings
tests/services/test_settlement_group_service_regression_edges.py: 8 warnings
tests/services/test_settlement_match_service.py: 2 warnings
  /Users/gyurin/dev/my_ledge/backend/.venv/lib/python3.14/site-packages/pytest_asyncio/plugin.py:1183: DeprecationWarning: 'asyncio.get_event_loop_policy' is deprecated and slated for removal in Python 3.16
    loop = asyncio.get_event_loop_policy().new_event_loop()

tests/services/test_analytics_service.py: 30 warnings
tests/api/test_analytics_api.py: 28 warnings
tests/api/test_transactions_api.py: 11 warnings
tests/api/test_settlement_match_api.py: 2 warnings
tests/api/test_settlement_match_api_errors.py: 1 warning
tests/api/test_settlement_match_api_unlink.py: 1 warning
tests/services/test_settlement_group_service.py: 2 warnings
tests/services/test_settlement_group_service_regression.py: 3 warnings
tests/services/test_settlement_group_service_regression_edges.py: 8 warnings
tests/services/test_settlement_match_service.py: 2 warnings
  /Users/gyurin/dev/my_ledge/backend/.venv/lib/python3.14/site-packages/pytest_asyncio/plugin.py:889: DeprecationWarning: 'asyncio.get_event_loop_policy' is deprecated and slated for removal in Python 3.16
    policy = asyncio.get_event_loop_policy()

tests/services/test_analytics_service.py: 30 warnings
tests/api/test_analytics_api.py: 28 warnings
tests/api/test_transactions_api.py: 11 warnings
tests/api/test_settlement_match_api.py: 2 warnings
tests/api/test_settlement_match_api_errors.py: 1 warning
tests/api/test_settlement_match_api_unlink.py: 1 warning
tests/services/test_settlement_group_service.py: 2 warnings
tests/services/test_settlement_group_service_regression.py: 3 warnings
tests/services/test_settlement_group_service_regression_edges.py: 8 warnings
tests/services/test_settlement_match_service.py: 2 warnings
  /Users/gyurin/dev/my_ledge/backend/.venv/lib/python3.14/site-packages/pytest_asyncio/plugin.py:794: DeprecationWarning: 'asyncio.set_event_loop_policy' is deprecated and slated for removal in Python 3.16
    asyncio.set_event_loop_policy(old_loop_policy)

tests/services/test_analytics_service.py: 30 warnings
tests/api/test_analytics_api.py: 28 warnings
tests/api/test_transactions_api.py: 11 warnings
tests/api/test_settlement_match_api.py: 2 warnings
tests/api/test_settlement_match_api_errors.py: 1 warning
tests/api/test_settlement_match_api_unlink.py: 1 warning
tests/services/test_settlement_group_service.py: 2 warnings
tests/services/test_settlement_group_service_regression.py: 3 warnings
tests/services/test_settlement_group_service_regression_edges.py: 8 warnings
tests/services/test_settlement_match_service.py: 2 warnings
  /Users/gyurin/dev/my_ledge/backend/.venv/lib/python3.14/site-packages/pytest_asyncio/plugin.py:942: DeprecationWarning: 'asyncio.get_event_loop_policy' is deprecated and slated for removal in Python 3.16
    policy = asyncio.get_event_loop_policy()

tests/services/test_analytics_service.py: 30 warnings
tests/api/test_analytics_api.py: 28 warnings
tests/api/test_transactions_api.py: 11 warnings
tests/api/test_settlement_match_api.py: 2 warnings
tests/api/test_settlement_match_api_errors.py: 1 warning
tests/api/test_settlement_match_api_unlink.py: 1 warning
tests/services/test_settlement_group_service.py: 2 warnings
tests/services/test_settlement_group_service_regression.py: 3 warnings
tests/services/test_settlement_group_service_regression_edges.py: 8 warnings
tests/services/test_settlement_match_service.py: 2 warnings
  /Users/gyurin/dev/my_ledge/backend/.venv/lib/python3.14/site-packages/pytest_asyncio/plugin.py:966: DeprecationWarning: 'asyncio.set_event_loop_policy' is deprecated and slated for removal in Python 3.16
    asyncio.set_event_loop_policy(previous_policy)

tests/services/test_analytics_service.py: 30 warnings
tests/api/test_analytics_api.py: 28 warnings
tests/api/test_transactions_api.py: 11 warnings
tests/api/test_settlement_match_api.py: 2 warnings
tests/api/test_settlement_match_api_errors.py: 1 warning
tests/api/test_settlement_match_api_unlink.py: 1 warning
tests/services/test_settlement_group_service.py: 2 warnings
tests/services/test_settlement_group_service_regression.py: 3 warnings
tests/services/test_settlement_group_service_regression_edges.py: 8 warnings
tests/services/test_settlement_match_service.py: 2 warnings
  /Users/gyurin/dev/my_ledge/backend/.venv/lib/python3.14/site-packages/pytest_asyncio/plugin.py:978: DeprecationWarning: 'asyncio.get_event_loop_policy' is deprecated and slated for removal in Python 3.16
    policy = asyncio.get_event_loop_policy()

tests/services/test_analytics_service.py::test_update_purchase_gate_candidate_review_rejects_invalid_candidate_key
  /Users/gyurin/dev/my_ledge/backend/app/services/analytics_service.py:1043: DeprecationWarning: 'HTTP_422_UNPROCESSABLE_ENTITY' is deprecated. Use 'HTTP_422_UNPROCESSABLE_CONTENT' instead.
    candidate_type, transaction_id, canonical_candidate_key = _parse_candidate_key(

-- Docs: https://docs.pytest.org/en/stable/how-to/capture-warnings.html
======================= 88 passed, 794 warnings in 2.31s =======================
